# JRE version: OpenJDK Runtime Environment Microsoft-7208460 (11.0.18+10) (build 11.0.18+10-LTS)
# Java VM: OpenJDK 64-Bit Server VM Microsoft-7208460 (11.0.18+10-LTS, mixed mode, tiered, compressed oops, g1 gc, windows-amd64)
Heap:
 garbage-first heap   total 364544K, used 80170K [0x000000070a600000, 0x0000000800000000)
  region size 1024K, 10 young (10240K), 10 survivors (10240K)
 Metaspace       used 70846K, capacity 71759K, committed 71808K, reserved 1114112K
  class space    used 7663K, capacity 8039K, committed 8064K, reserved 1048576K
GC Heap History (19 events):
Event: 0.481 GC heap before
{Heap before GC invocations=0 (full 0):
 garbage-first heap   total 251904K, used 28672K [0x000000070a600000, 0x0000000800000000)
  region size 1024K, 24 young (24576K), 0 survivors (0K)
 Metaspace       used 11792K, capacity 11890K, committed 12160K, reserved 1060864K
  class space    used 1074K, capacity 1109K, committed 1152K, reserved 1048576K
}
Event: 0.484 GC heap after
{Heap after GC invocations=1 (full 0):
 garbage-first heap   total 251904K, used 6784K [0x000000070a600000, 0x0000000800000000)
  region size 1024K, 3 young (3072K), 3 survivors (3072K)
 Metaspace       used 11792K, capacity 11890K, committed 12160K, reserved 1060864K
  class space    used 1074K, capacity 1109K, committed 1152K, reserved 1048576K
}
Event: 1.130 GC heap before
{Heap before GC invocations=1 (full 0):
 garbage-first heap   total 251904K, used 50816K [0x000000070a600000, 0x0000000800000000)
  region size 1024K, 47 young (48128K), 3 survivors (3072K)
 Metaspace       used 20980K, capacity 21153K, committed 21248K, reserved 1069056K
  class space    used 2185K, capacity 2270K, committed 2304K, reserved 1048576K
}
Event: 1.139 GC heap after
{Heap after GC invocations=2 (full 0):
 garbage-first heap   total 251904K, used 10570K [0x000000070a600000, 0x0000000800000000)
  region size 1024K, 7 young (7168K), 7 survivors (7168K)
 Metaspace       used 20980K, capacity 21153K, committed 21248K, reserved 1069056K
  class space    used 2185K, capacity 2270K, committed 2304K, reserved 1048576K
}
Event: 2.043 GC heap before
{Heap before GC invocations=3 (full 0):
 garbage-first heap   total 251904K, used 74058K [0x000000070a600000, 0x0000000800000000)
  region size 1024K, 63 young (64512K), 7 survivors (7168K)
 Metaspace       used 33865K, capacity 34281K, committed 34560K, reserved 1079296K
  class space    used 4100K, capacity 4273K, committed 4352K, reserved 1048576K
}
Event: 2.053 GC heap after
{Heap after GC invocations=4 (full 0):
 garbage-first heap   total 251904K, used 23915K [0x000000070a600000, 0x0000000800000000)
  region size 1024K, 8 young (8192K), 8 survivors (8192K)
 Metaspace       used 33865K, capacity 34281K, committed 34560K, reserved 1079296K
  class space    used 4100K, capacity 4273K, committed 4352K, reserved 1048576K
}
Event: 2.145 GC heap before
{Heap before GC invocations=4 (full 0):
 garbage-first heap   total 251904K, used 30059K [0x000000070a600000, 0x0000000800000000)
  region size 1024K, 15 young (15360K), 8 survivors (8192K)
 Metaspace       used 35329K, capacity 35721K, committed 35840K, reserved 1081344K
  class space    used 4239K, capacity 4433K, committed 4480K, reserved 1048576K
}
Event: 2.150 GC heap after
{Heap after GC invocations=5 (full 0):
 garbage-first heap   total 251904K, used 25345K [0x000000070a600000, 0x0000000800000000)
  region size 1024K, 7 young (7168K), 7 survivors (7168K)
 Metaspace       used 35329K, capacity 35721K, committed 35840K, reserved 1081344K
  class space    used 4239K, capacity 4433K, committed 4480K, reserved 1048576K
}
Event: 2.423 GC heap before
{Heap before GC invocations=6 (full 0):
 garbage-first heap   total 251904K, used 51969K [0x000000070a600000, 0x0000000800000000)
  region size 1024K, 33 young (33792K), 7 survivors (7168K)
 Metaspace       used 40105K, capacity 40562K, committed 40832K, reserved 1085440K
  class space    used 4716K, capacity 4892K, committed 4992K, reserved 1048576K
}
Event: 2.429 GC heap after
{Heap after GC invocations=7 (full 0):
 garbage-first heap   total 251904K, used 26864K [0x000000070a600000, 0x0000000800000000)
  region size 1024K, 5 young (5120K), 5 survivors (5120K)
 Metaspace       used 40105K, capacity 40562K, committed 40832K, reserved 1085440K
  class space    used 4716K, capacity 4892K, committed 4992K, reserved 1048576K
}
Event: 3.565 GC heap before
{Heap before GC invocations=7 (full 0):
 garbage-first heap   total 251904K, used 107760K [0x000000070a600000, 0x0000000800000000)
  region size 1024K, 81 young (82944K), 5 survivors (5120K)
 Metaspace       used 54416K, capacity 55102K, committed 55296K, reserved 1097728K
  class space    used 6300K, capacity 6572K, committed 6656K, reserved 1048576K
}
Event: 3.576 GC heap after
{Heap after GC invocations=8 (full 0):
 garbage-first heap   total 303104K, used 40314K [0x000000070a600000, 0x0000000800000000)
  region size 1024K, 11 young (11264K), 11 survivors (11264K)
 Metaspace       used 54416K, capacity 55102K, committed 55296K, reserved 1097728K
  class space    used 6300K, capacity 6572K, committed 6656K, reserved 1048576K
}
Event: 4.192 GC heap before
{Heap before GC invocations=8 (full 0):
 garbage-first heap   total 303104K, used 94586K [0x000000070a600000, 0x0000000800000000)
  region size 1024K, 64 young (65536K), 11 survivors (11264K)
 Metaspace       used 58399K, capacity 59139K, committed 59264K, reserved 1101824K
  class space    used 6663K, capacity 6956K, committed 7040K, reserved 1048576K
}
Event: 4.202 GC heap after
{Heap after GC invocations=9 (full 0):
 garbage-first heap   total 303104K, used 49076K [0x000000070a600000, 0x0000000800000000)
  region size 1024K, 8 young (8192K), 8 survivors (8192K)
 Metaspace       used 58399K, capacity 59139K, committed 59264K, reserved 1101824K
  class space    used 6663K, capacity 6956K, committed 7040K, reserved 1048576K
}
Event: 4.258 GC heap before
{Heap before GC invocations=9 (full 0):
 garbage-first heap   total 303104K, used 53172K [0x000000070a600000, 0x0000000800000000)
  region size 1024K, 13 young (13312K), 8 survivors (8192K)
 Metaspace       used 59289K, capacity 60006K, committed 60160K, reserved 1101824K
  class space    used 6750K, capacity 7053K, committed 7168K, reserved 1048576K
}
Event: 4.265 GC heap after
{Heap after GC invocations=10 (full 0):
 garbage-first heap   total 303104K, used 51388K [0x000000070a600000, 0x0000000800000000)
  region size 1024K, 2 young (2048K), 2 survivors (2048K)
 Metaspace       used 59289K, capacity 60006K, committed 60160K, reserved 1101824K
  class space    used 6750K, capacity 7053K, committed 7168K, reserved 1048576K
}
Event: 5.655 GC heap before
{Heap before GC invocations=11 (full 0):
 garbage-first heap   total 303104K, used 139452K [0x000000070a600000, 0x0000000800000000)
  region size 1024K, 86 young (88064K), 2 survivors (2048K)
 Metaspace       used 65212K, capacity 65979K, committed 66304K, reserved 1107968K
  class space    used 7246K, capacity 7574K, committed 7680K, reserved 1048576K
}
Event: 5.666 GC heap after
{Heap after GC invocations=12 (full 0):
 garbage-first heap   total 303104K, used 68267K [0x000000070a600000, 0x0000000800000000)
  region size 1024K, 11 young (11264K), 11 survivors (11264K)
 Metaspace       used 65212K, capacity 65979K, committed 66304K, reserved 1107968K
  class space    used 7246K, capacity 7574K, committed 7680K, reserved 1048576K
}
Event: 7.113 GC heap before
{Heap before GC invocations=12 (full 0):
 garbage-first heap   total 303104K, used 167595K [0x000000070a600000, 0x0000000800000000)
  region size 1024K, 107 young (109568K), 11 survivors (11264K)
 Metaspace       used 70846K, capacity 71759K, committed 71808K, reserved 1114112K
  class space    used 7663K, capacity 8039K, committed 8064K, reserved 1048576K
}

