# JRE version: OpenJDK Runtime Environment Microsoft-7208460 (11.0.18+10) (build 11.0.18+10-LTS)
# Java VM: OpenJDK 64-Bit Server VM Microsoft-7208460 (11.0.18+10-LTS, mixed mode, tiered, compressed oops, g1 gc, windows-amd64)
Heap:
 garbage-first heap   total 251904K, used 33214K [0x000000070a600000, 0x0000000800000000)
  region size 1024K, 15 young (15360K), 5 survivors (5120K)
 Metaspace       used 43416K, capacity 43879K, committed 43980K, reserved 1087488K
  class space    used 5093K, capacity 5291K, committed 5324K, reserved 1048576K
GC Heap History (10 events):
Event: 0.585 GC heap before
{Heap before GC invocations=0 (full 0):
 garbage-first heap   total 251904K, used 27648K [0x000000070a600000, 0x0000000800000000)
  region size 1024K, 24 young (24576K), 0 survivors (0K)
 Metaspace       used 12248K, capacity 12408K, committed 12544K, reserved 1060864K
  class space    used 1134K, capacity 1175K, committed 1280K, reserved 1048576K
}
Event: 0.587 GC heap after
{Heap after GC invocations=1 (full 0):
 garbage-first heap   total 251904K, used 5818K [0x000000070a600000, 0x0000000800000000)
  region size 1024K, 3 young (3072K), 3 survivors (3072K)
 Metaspace       used 12248K, capacity 12408K, committed 12544K, reserved 1060864K
  class space    used 1134K, capacity 1175K, committed 1280K, reserved 1048576K
}
Event: 1.139 GC heap before
{Heap before GC invocations=1 (full 0):
 garbage-first heap   total 251904K, used 41658K [0x000000070a600000, 0x0000000800000000)
  region size 1024K, 39 young (39936K), 3 survivors (3072K)
 Metaspace       used 20961K, capacity 21182K, committed 21248K, reserved 1069056K
  class space    used 2186K, capacity 2280K, committed 2304K, reserved 1048576K
}
Event: 1.147 GC heap after
{Heap after GC invocations=2 (full 0):
 garbage-first heap   total 251904K, used 9210K [0x000000070a600000, 0x0000000800000000)
  region size 1024K, 6 young (6144K), 6 survivors (6144K)
 Metaspace       used 20961K, capacity 21182K, committed 21248K, reserved 1069056K
  class space    used 2186K, capacity 2280K, committed 2304K, reserved 1048576K
}
Event: 1.965 GC heap before
{Heap before GC invocations=3 (full 0):
 garbage-first heap   total 251904K, used 65530K [0x000000070a600000, 0x0000000800000000)
  region size 1024K, 56 young (57344K), 6 survivors (6144K)
 Metaspace       used 32733K, capacity 33151K, committed 33408K, reserved 1079296K
  class space    used 4023K, capacity 4214K, committed 4224K, reserved 1048576K
}
Event: 1.974 GC heap after
{Heap after GC invocations=4 (full 0):
 garbage-first heap   total 251904K, used 20691K [0x000000070a600000, 0x0000000800000000)
  region size 1024K, 7 young (7168K), 7 survivors (7168K)
 Metaspace       used 32733K, capacity 33151K, committed 33408K, reserved 1079296K
  class space    used 4023K, capacity 4214K, committed 4224K, reserved 1048576K
}
Event: 2.131 GC heap before
{Heap before GC invocations=4 (full 0):
 garbage-first heap   total 251904K, used 31955K [0x000000070a600000, 0x0000000800000000)
  region size 1024K, 20 young (20480K), 7 survivors (7168K)
 Metaspace       used 35384K, capacity 35787K, committed 35840K, reserved 1081344K
  class space    used 4294K, capacity 4474K, committed 4480K, reserved 1048576K
}
Event: 2.134 GC heap after
{Heap after GC invocations=5 (full 0):
 garbage-first heap   total 251904K, used 20552K [0x000000070a600000, 0x0000000800000000)
  region size 1024K, 6 young (6144K), 6 survivors (6144K)
 Metaspace       used 35384K, capacity 35787K, committed 35840K, reserved 1081344K
  class space    used 4294K, capacity 4474K, committed 4480K, reserved 1048576K
}
Event: 2.536 GC heap before
{Heap before GC invocations=6 (full 0):
 garbage-first heap   total 251904K, used 51272K [0x000000070a600000, 0x0000000800000000)
  region size 1024K, 36 young (36864K), 6 survivors (6144K)
 Metaspace       used 40921K, capacity 41355K, committed 41420K, reserved 1085440K
  class space    used 4828K, capacity 5027K, committed 5068K, reserved 1048576K
}
Event: 2.541 GC heap after
{Heap after GC invocations=7 (full 0):
 garbage-first heap   total 251904K, used 23998K [0x000000070a600000, 0x0000000800000000)
  region size 1024K, 5 young (5120K), 5 survivors (5120K)
 Metaspace       used 40921K, capacity 41355K, committed 41420K, reserved 1085440K
  class space    used 4828K, capacity 5027K, committed 5068K, reserved 1048576K
}

