<?xml version="1.0" encoding="UTF-8"?>
<coverage generated="1688485018942" clover="3.2.0">
  <project timestamp="1688485018942" name="All files">
    <metrics statements="77" coveredstatements="75" conditionals="59" coveredconditionals="35" methods="9" coveredmethods="7" elements="145" coveredelements="117" complexity="0" loc="77" ncloc="77" packages="7" files="9" classes="9"/>
    <package name="Frontend">
      <metrics statements="2" coveredstatements="2" conditionals="0" coveredconditionals="0" methods="0" coveredmethods="0"/>
      <file name="tailwind.config.js" path="D:\MusinexFull\Frontend\tailwind.config.js">
        <metrics statements="2" coveredstatements="2" conditionals="0" coveredconditionals="0" methods="0" coveredmethods="0"/>
        <line num="2" count="1" type="stmt"/>
        <line num="4" count="1" type="stmt"/>
      </file>
    </package>
    <package name="Frontend.app.animation">
      <metrics statements="20" coveredstatements="18" conditionals="2" coveredconditionals="2" methods="5" coveredmethods="3"/>
      <file name="global.ts" path="D:\MusinexFull\Frontend\app\animation\global.ts">
        <metrics statements="7" coveredstatements="7" conditionals="0" coveredconditionals="0" methods="0" coveredmethods="0"/>
        <line num="1" count="1" type="stmt"/>
        <line num="2" count="1" type="stmt"/>
        <line num="3" count="1" type="stmt"/>
        <line num="5" count="1" type="stmt"/>
        <line num="6" count="1" type="stmt"/>
        <line num="8" count="1" type="stmt"/>
        <line num="9" count="1" type="stmt"/>
      </file>
      <file name="press.animation.ts" path="D:\MusinexFull\Frontend\app\animation\press.animation.ts">
        <metrics statements="13" coveredstatements="11" conditionals="2" coveredconditionals="2" methods="5" coveredmethods="3"/>
        <line num="2" count="1" type="stmt"/>
        <line num="3" count="1" type="stmt"/>
        <line num="5" count="1" type="stmt"/>
        <line num="6" count="1" type="cond" truecount="2" falsecount="0"/>
        <line num="9" count="6" type="stmt"/>
        <line num="10" count="6" type="stmt"/>
        <line num="14" count="6" type="stmt"/>
        <line num="15" count="0" type="stmt"/>
        <line num="17" count="6" type="stmt"/>
        <line num="18" count="0" type="stmt"/>
        <line num="20" count="6" type="stmt"/>
        <line num="24" count="6" type="stmt"/>
        <line num="25" count="6" type="stmt"/>
      </file>
    </package>
    <package name="Frontend.app.ui.button">
      <metrics statements="20" coveredstatements="20" conditionals="24" coveredconditionals="15" methods="1" coveredmethods="1"/>
      <file name="button.settings.ts" path="D:\MusinexFull\Frontend\app\ui\button\button.settings.ts">
        <metrics statements="7" coveredstatements="7" conditionals="0" coveredconditionals="0" methods="0" coveredmethods="0"/>
        <line num="1" count="1" type="stmt"/>
        <line num="3" count="1" type="stmt"/>
        <line num="9" count="1" type="stmt"/>
        <line num="15" count="1" type="stmt"/>
        <line num="21" count="1" type="stmt"/>
        <line num="26" count="1" type="stmt"/>
        <line num="31" count="1" type="stmt"/>
      </file>
      <file name="button.tsx" path="D:\MusinexFull\Frontend\app\ui\button\button.tsx">
        <metrics statements="13" coveredstatements="13" conditionals="24" coveredconditionals="15" methods="1" coveredmethods="1"/>
        <line num="1" count="1" type="stmt"/>
        <line num="2" count="1" type="stmt"/>
        <line num="3" count="1" type="stmt"/>
        <line num="11" count="1" type="stmt"/>
        <line num="12" count="1" type="stmt"/>
        <line num="14" count="1" type="stmt"/>
        <line num="15" count="1" type="stmt"/>
        <line num="16" count="1" type="stmt"/>
        <line num="17" count="1" type="stmt"/>
        <line num="27" count="5" type="stmt"/>
        <line num="28" count="5" type="stmt"/>
        <line num="29" count="5" type="stmt"/>
        <line num="73" count="1" type="stmt"/>
      </file>
    </package>
    <package name="Frontend.app.ui.icon.default-icon">
      <metrics statements="11" coveredstatements="11" conditionals="13" coveredconditionals="7" methods="1" coveredmethods="1"/>
      <file name="icon.tsx" path="D:\MusinexFull\Frontend\app\ui\icon\default-icon\icon.tsx">
        <metrics statements="11" coveredstatements="11" conditionals="13" coveredconditionals="7" methods="1" coveredmethods="1"/>
        <line num="1" count="1" type="stmt"/>
        <line num="2" count="1" type="stmt"/>
        <line num="4" count="1" type="stmt"/>
        <line num="5" count="1" type="stmt"/>
        <line num="6" count="1" type="stmt"/>
        <line num="7" count="1" type="stmt"/>
        <line num="9" count="1" type="stmt"/>
        <line num="19" count="1" type="stmt"/>
        <line num="20" count="1" type="stmt"/>
        <line num="21" count="1" type="stmt"/>
        <line num="54" count="1" type="stmt"/>
      </file>
    </package>
    <package name="Frontend.app.ui.skeleton">
      <metrics statements="7" coveredstatements="7" conditionals="5" coveredconditionals="3" methods="1" coveredmethods="1"/>
      <file name="skeleton.tsx" path="D:\MusinexFull\Frontend\app\ui\skeleton\skeleton.tsx">
        <metrics statements="7" coveredstatements="7" conditionals="5" coveredconditionals="3" methods="1" coveredmethods="1"/>
        <line num="2" count="1" type="stmt"/>
        <line num="3" count="1" type="stmt"/>
        <line num="5" count="1" type="stmt"/>
        <line num="7" count="1" type="stmt"/>
        <line num="14" count="5" type="stmt"/>
        <line num="15" count="5" type="stmt"/>
        <line num="34" count="1" type="stmt"/>
      </file>
    </package>
    <package name="Frontend.app.ui.title">
      <metrics statements="15" coveredstatements="15" conditionals="15" coveredconditionals="8" methods="1" coveredmethods="1"/>
      <file name="title.tsx" path="D:\MusinexFull\Frontend\app\ui\title\title.tsx">
        <metrics statements="15" coveredstatements="15" conditionals="15" coveredconditionals="8" methods="1" coveredmethods="1"/>
        <line num="1" count="1" type="stmt"/>
        <line num="2" count="1" type="stmt"/>
        <line num="3" count="1" type="stmt"/>
        <line num="11" count="1" type="stmt"/>
        <line num="12" count="1" type="stmt"/>
        <line num="13" count="1" type="stmt"/>
        <line num="14" count="1" type="stmt"/>
        <line num="17" count="1" type="stmt"/>
        <line num="26" count="10" type="stmt"/>
        <line num="33" count="10" type="stmt"/>
        <line num="34" count="10" type="stmt"/>
        <line num="35" count="10" type="cond" truecount="3" falsecount="0"/>
        <line num="36" count="5" type="stmt"/>
        <line num="43" count="5" type="stmt"/>
        <line num="66" count="1" type="stmt"/>
      </file>
    </package>
    <package name="Frontend.app.utils">
      <metrics statements="2" coveredstatements="2" conditionals="0" coveredconditionals="0" methods="0" coveredmethods="0"/>
      <file name="color.ts" path="D:\MusinexFull\Frontend\app\utils\color.ts">
        <metrics statements="2" coveredstatements="2" conditionals="0" coveredconditionals="0" methods="0" coveredmethods="0"/>
        <line num="1" count="1" type="stmt"/>
        <line num="3" count="1" type="stmt"/>
      </file>
    </package>
  </project>
</coverage>
