{"D:\\MusinexFull\\Frontend\\tailwind.config.js": {"path":"D:\\MusinexFull\\Frontend\\tailwind.config.js","statementMap":{"0":{"start":{"line":2,"column":15},"end":{"line":2,"column":44}},"1":{"start":{"line":4,"column":0},"end":{"line":22,"column":1}}},"fnMap":{},"branchMap":{},"s":{"0":1,"1":1},"f":{},"b":{},"_coverageSchema":"1a1c01bbd47fc00a2c39e90264f33305004495a9","hash":"540953d4b3339aed73836ffd56a0f0353e38de0c"}
,"D:\\MusinexFull\\Frontend\\app\\animation\\global.ts": {"path":"D:\\MusinexFull\\Frontend\\app\\animation\\global.ts","statementMap":{"0":{"start":{"line":1,"column":0},"end":{"line":1,"column":53}},"1":{"start":{"line":2,"column":0},"end":{"line":2,"column":53}},"2":{"start":{"line":3,"column":0},"end":{"line":3,"column":99}},"3":{"start":{"line":5,"column":13},"end":{"line":5,"column":null}},"4":{"start":{"line":6,"column":13},"end":{"line":6,"column":null}},"5":{"start":{"line":8,"column":13},"end":{"line":8,"column":null}},"6":{"start":{"line":9,"column":13},"end":{"line":9,"column":null}}},"fnMap":{},"branchMap":{},"s":{"0":1,"1":1,"2":1,"3":1,"4":1,"5":1,"6":1},"f":{},"b":{}}
,"D:\\MusinexFull\\Frontend\\app\\animation\\press.animation.ts": {"path":"D:\\MusinexFull\\Frontend\\app\\animation\\press.animation.ts","statementMap":{"0":{"start":{"line":2,"column":0},"end":{"line":2,"column":31}},"1":{"start":{"line":3,"column":0},"end":{"line":3,"column":86}},"2":{"start":{"line":6,"column":1},"end":{"line":28,"column":1}},"3":{"start":{"line":9,"column":15},"end":{"line":9,"column":32}},"4":{"start":{"line":10,"column":23},"end":{"line":12,"column":5}},"5":{"start":{"line":10,"column":47},"end":{"line":12,"column":4}},"6":{"start":{"line":14,"column":19},"end":{"line":16,"column":2}},"7":{"start":{"line":15,"column":2},"end":{"line":15,"column":null}},"8":{"start":{"line":17,"column":20},"end":{"line":19,"column":2}},"9":{"start":{"line":18,"column":2},"end":{"line":18,"column":null}},"10":{"start":{"line":20,"column":24},"end":{"line":23,"column":null}},"11":{"start":{"line":24,"column":1},"end":{"line":27,"column":null}},"12":{"start":{"line":25,"column":9},"end":{"line":25,"column":42}},"13":{"start":{"line":5,"column":13},"end":{"line":5,"column":null}}},"fnMap":{"0":{"name":"(anonymous_0)","decl":{"start":{"line":6,"column":1},"end":{"line":6,"column":2}},"loc":{"start":{"line":8,"column":5},"end":{"line":28,"column":1}}},"1":{"name":"(anonymous_1)","decl":{"start":{"line":10,"column":40},"end":{"line":10,"column":43}},"loc":{"start":{"line":10,"column":47},"end":{"line":12,"column":4}}},"2":{"name":"(anonymous_2)","decl":{"start":{"line":14,"column":19},"end":{"line":14,"column":22}},"loc":{"start":{"line":14,"column":24},"end":{"line":16,"column":2}}},"3":{"name":"(anonymous_3)","decl":{"start":{"line":17,"column":20},"end":{"line":17,"column":23}},"loc":{"start":{"line":17,"column":25},"end":{"line":19,"column":2}}},"4":{"name":"(anonymous_4)","decl":{"start":{"line":25,"column":2},"end":{"line":25,"column":5}},"loc":{"start":{"line":25,"column":9},"end":{"line":25,"column":42}}}},"branchMap":{"0":{"loc":{"start":{"line":6,"column":2},"end":{"line":7,"column":29}},"type":"default-arg","locations":[{"start":{"line":7,"column":27},"end":{"line":7,"column":29}}]},"1":{"loc":{"start":{"line":6,"column":4},"end":{"line":6,"column":35}},"type":"default-arg","locations":[{"start":{"line":6,"column":17},"end":{"line":6,"column":35}}]}},"s":{"0":1,"1":1,"2":1,"3":6,"4":6,"5":6,"6":6,"7":0,"8":6,"9":0,"10":6,"11":6,"12":6,"13":1},"f":{"0":6,"1":6,"2":0,"3":0,"4":6},"b":{"0":[6],"1":[6]}}
,"D:\\MusinexFull\\Frontend\\app\\ui\\button\\button.settings.ts": {"path":"D:\\MusinexFull\\Frontend\\app\\ui\\button\\button.settings.ts","statementMap":{"0":{"start":{"line":1,"column":0},"end":{"line":1,"column":37}},"1":{"start":{"line":3,"column":13},"end":{"line":7,"column":null}},"2":{"start":{"line":9,"column":13},"end":{"line":13,"column":null}},"3":{"start":{"line":15,"column":13},"end":{"line":19,"column":null}},"4":{"start":{"line":21,"column":13},"end":{"line":25,"column":null}},"5":{"start":{"line":26,"column":13},"end":{"line":29,"column":null}},"6":{"start":{"line":31,"column":13},"end":{"line":34,"column":null}}},"fnMap":{},"branchMap":{},"s":{"0":1,"1":1,"2":1,"3":1,"4":1,"5":1,"6":1},"f":{},"b":{}}
,"D:\\MusinexFull\\Frontend\\app\\ui\\button\\button.tsx": {"path":"D:\\MusinexFull\\Frontend\\app\\ui\\button\\button.tsx","statementMap":{"0":{"start":{"line":1,"column":0},"end":{"line":1,"column":54}},"1":{"start":{"line":2,"column":0},"end":{"line":2,"column":63}},"2":{"start":{"line":3,"column":0},"end":{"line":3,"column":null}},"3":{"start":{"line":11,"column":0},"end":{"line":11,"column":37}},"4":{"start":{"line":12,"column":0},"end":{"line":12,"column":43}},"5":{"start":{"line":14,"column":0},"end":{"line":14,"column":35}},"6":{"start":{"line":15,"column":0},"end":{"line":15,"column":44}},"7":{"start":{"line":16,"column":0},"end":{"line":16,"column":34}},"8":{"start":{"line":17,"column":33},"end":{"line":71,"column":1}},"9":{"start":{"line":27,"column":25},"end":{"line":27,"column":41}},"10":{"start":{"line":28,"column":43},"end":{"line":28,"column":62}},"11":{"start":{"line":29,"column":3},"end":{"line":70,"column":null}},"12":{"start":{"line":73,"column":0},"end":{"line":73,"column":null}}},"fnMap":{"0":{"name":"(anonymous_1)","decl":{"start":{"line":17,"column":33},"end":{"line":17,"column":34}},"loc":{"start":{"line":26,"column":5},"end":{"line":71,"column":1}}}},"branchMap":{"0":{"loc":{"start":{"line":18,"column":1},"end":{"line":18,"column":18}},"type":"default-arg","locations":[{"start":{"line":18,"column":13},"end":{"line":18,"column":18}}]},"1":{"loc":{"start":{"line":19,"column":1},"end":{"line":19,"column":15}},"type":"default-arg","locations":[{"start":{"line":19,"column":8},"end":{"line":19,"column":15}}]},"2":{"loc":{"start":{"line":20,"column":1},"end":{"line":20,"column":20}},"type":"default-arg","locations":[{"start":{"line":20,"column":11},"end":{"line":20,"column":20}}]},"3":{"loc":{"start":{"line":21,"column":1},"end":{"line":21,"column":18}},"type":"default-arg","locations":[{"start":{"line":21,"column":16},"end":{"line":21,"column":18}}]},"4":{"loc":{"start":{"line":22,"column":1},"end":{"line":22,"column":14}},"type":"default-arg","locations":[{"start":{"line":22,"column":12},"end":{"line":22,"column":14}}]},"5":{"loc":{"start":{"line":23,"column":1},"end":{"line":23,"column":15}},"type":"default-arg","locations":[{"start":{"line":23,"column":10},"end":{"line":23,"column":15}}]},"6":{"loc":{"start":{"line":31,"column":21},"end":{"line":31,"column":97}},"type":"cond-expr","locations":[{"start":{"line":31,"column":45},"end":{"line":31,"column":58}},{"start":{"line":31,"column":61},"end":{"line":31,"column":97}}]},"7":{"loc":{"start":{"line":34,"column":11},"end":{"line":34,"column":45}},"type":"cond-expr","locations":[{"start":{"line":34,"column":25},"end":{"line":34,"column":36}},{"start":{"line":34,"column":39},"end":{"line":34,"column":45}}]},"8":{"loc":{"start":{"line":39,"column":22},"end":{"line":39,"column":61}},"type":"cond-expr","locations":[{"start":{"line":39,"column":35},"end":{"line":39,"column":50}},{"start":{"line":39,"column":53},"end":{"line":39,"column":61}}]},"9":{"loc":{"start":{"line":40,"column":22},"end":{"line":40,"column":36}},"type":"cond-expr","locations":[{"start":{"line":40,"column":31},"end":{"line":40,"column":32}},{"start":{"line":40,"column":35},"end":{"line":40,"column":36}}]},"10":{"loc":{"start":{"line":50,"column":7},"end":{"line":50,"column":63}},"type":"cond-expr","locations":[{"start":{"line":50,"column":24},"end":{"line":50,"column":38}},{"start":{"line":50,"column":41},"end":{"line":50,"column":63}}]},"11":{"loc":{"start":{"line":53,"column":22},"end":{"line":53,"column":60}},"type":"cond-expr","locations":[{"start":{"line":53,"column":40},"end":{"line":53,"column":51}},{"start":{"line":53,"column":54},"end":{"line":53,"column":60}}]},"12":{"loc":{"start":{"line":54,"column":22},"end":{"line":54,"column":47}},"type":"cond-expr","locations":[{"start":{"line":54,"column":40},"end":{"line":54,"column":43}},{"start":{"line":54,"column":46},"end":{"line":54,"column":47}}]},"13":{"loc":{"start":{"line":59,"column":6},"end":{"line":66,"column":null}},"type":"binary-expr","locations":[{"start":{"line":59,"column":6},"end":{"line":59,"column":16}},{"start":{"line":60,"column":6},"end":{"line":65,"column":null}}]},"14":{"loc":{"start":{"line":62,"column":8},"end":{"line":62,"column":52}},"type":"cond-expr","locations":[{"start":{"line":62,"column":19},"end":{"line":62,"column":27}},{"start":{"line":62,"column":30},"end":{"line":62,"column":52}}]}},"s":{"0":1,"1":1,"2":1,"3":1,"4":1,"5":1,"6":1,"7":1,"8":1,"9":5,"10":5,"11":5,"12":1},"f":{"0":5},"b":{"0":[0],"1":[0],"2":[5],"3":[5],"4":[5],"5":[5],"6":[0,5],"7":[0,5],"8":[1,4],"9":[0,5],"10":[0,5],"11":[0,5],"12":[0,5],"13":[5,1],"14":[1,0]}}
,"D:\\MusinexFull\\Frontend\\app\\ui\\icon\\default-icon\\icon.tsx": {"path":"D:\\MusinexFull\\Frontend\\app\\ui\\icon\\default-icon\\icon.tsx","statementMap":{"0":{"start":{"line":1,"column":0},"end":{"line":1,"column":54}},"1":{"start":{"line":2,"column":0},"end":{"line":2,"column":63}},"2":{"start":{"line":4,"column":0},"end":{"line":4,"column":46}},"3":{"start":{"line":5,"column":0},"end":{"line":5,"column":45}},"4":{"start":{"line":6,"column":0},"end":{"line":6,"column":43}},"5":{"start":{"line":7,"column":0},"end":{"line":7,"column":32}},"6":{"start":{"line":9,"column":29},"end":{"line":52,"column":1}},"7":{"start":{"line":19,"column":25},"end":{"line":19,"column":41}},"8":{"start":{"line":20,"column":43},"end":{"line":20,"column":62}},"9":{"start":{"line":21,"column":1},"end":{"line":51,"column":null}},"10":{"start":{"line":54,"column":0},"end":{"line":54,"column":null}}},"fnMap":{"0":{"name":"(anonymous_0)","decl":{"start":{"line":9,"column":29},"end":{"line":9,"column":30}},"loc":{"start":{"line":18,"column":5},"end":{"line":52,"column":1}}}},"branchMap":{"0":{"loc":{"start":{"line":12,"column":1},"end":{"line":12,"column":10}},"type":"default-arg","locations":[{"start":{"line":12,"column":8},"end":{"line":12,"column":10}}]},"1":{"loc":{"start":{"line":13,"column":1},"end":{"line":13,"column":15}},"type":"default-arg","locations":[{"start":{"line":13,"column":10},"end":{"line":13,"column":15}}]},"2":{"loc":{"start":{"line":14,"column":1},"end":{"line":14,"column":32}},"type":"default-arg","locations":[{"start":{"line":14,"column":19},"end":{"line":14,"column":32}}]},"3":{"loc":{"start":{"line":15,"column":1},"end":{"line":15,"column":18}},"type":"default-arg","locations":[{"start":{"line":15,"column":16},"end":{"line":15,"column":18}}]},"4":{"loc":{"start":{"line":16,"column":1},"end":{"line":16,"column":12}},"type":"default-arg","locations":[{"start":{"line":16,"column":11},"end":{"line":16,"column":12}}]},"5":{"loc":{"start":{"line":27,"column":17},"end":{"line":27,"column":31}},"type":"cond-expr","locations":[{"start":{"line":27,"column":26},"end":{"line":27,"column":27}},{"start":{"line":27,"column":30},"end":{"line":27,"column":31}}]},"6":{"loc":{"start":{"line":29,"column":5},"end":{"line":31,"column":22}},"type":"cond-expr","locations":[{"start":{"line":30,"column":8},"end":{"line":30,"column":18}},{"start":{"line":31,"column":8},"end":{"line":31,"column":22}}]},"7":{"loc":{"start":{"line":42,"column":6},"end":{"line":46,"column":20}},"type":"cond-expr","locations":[{"start":{"line":43,"column":9},"end":{"line":43,"column":21}},{"start":{"line":44,"column":9},"end":{"line":46,"column":20}}]},"8":{"loc":{"start":{"line":44,"column":9},"end":{"line":46,"column":20}},"type":"cond-expr","locations":[{"start":{"line":45,"column":9},"end":{"line":45,"column":19}},{"start":{"line":46,"column":9},"end":{"line":46,"column":20}}]}},"s":{"0":1,"1":1,"2":1,"3":1,"4":1,"5":1,"6":1,"7":1,"8":1,"9":1,"10":1},"f":{"0":1},"b":{"0":[0],"1":[1],"2":[1],"3":[1],"4":[1],"5":[0,1],"6":[1,0],"7":[1,0],"8":[0,0]}}
,"D:\\MusinexFull\\Frontend\\app\\ui\\skeleton\\skeleton.tsx": {"path":"D:\\MusinexFull\\Frontend\\app\\ui\\skeleton\\skeleton.tsx","statementMap":{"0":{"start":{"line":2,"column":0},"end":{"line":2,"column":37}},"1":{"start":{"line":3,"column":0},"end":{"line":3,"column":43}},"2":{"start":{"line":5,"column":0},"end":{"line":5,"column":35}},"3":{"start":{"line":7,"column":36},"end":{"line":32,"column":1}},"4":{"start":{"line":14,"column":25},"end":{"line":14,"column":41}},"5":{"start":{"line":15,"column":1},"end":{"line":31,"column":null}},"6":{"start":{"line":34,"column":0},"end":{"line":34,"column":null}}},"fnMap":{"0":{"name":"(anonymous_0)","decl":{"start":{"line":7,"column":36},"end":{"line":7,"column":37}},"loc":{"start":{"line":13,"column":5},"end":{"line":32,"column":1}}}},"branchMap":{"0":{"loc":{"start":{"line":12,"column":1},"end":{"line":12,"column":17}},"type":"default-arg","locations":[{"start":{"line":12,"column":16},"end":{"line":12,"column":17}}]},"1":{"loc":{"start":{"line":22,"column":22},"end":{"line":26,"column":22}},"type":"cond-expr","locations":[{"start":{"line":23,"column":8},"end":{"line":23,"column":21}},{"start":{"line":24,"column":8},"end":{"line":26,"column":22}}]},"2":{"loc":{"start":{"line":24,"column":8},"end":{"line":26,"column":22}},"type":"cond-expr","locations":[{"start":{"line":25,"column":8},"end":{"line":25,"column":22}},{"start":{"line":26,"column":8},"end":{"line":26,"column":22}}]}},"s":{"0":1,"1":1,"2":1,"3":1,"4":5,"5":5,"6":1},"f":{"0":5},"b":{"0":[5],"1":[0,5],"2":[5,0]}}
,"D:\\MusinexFull\\Frontend\\app\\ui\\title\\title.tsx": {"path":"D:\\MusinexFull\\Frontend\\app\\ui\\title\\title.tsx","statementMap":{"0":{"start":{"line":1,"column":0},"end":{"line":1,"column":45}},"1":{"start":{"line":2,"column":0},"end":{"line":2,"column":37}},"2":{"start":{"line":3,"column":0},"end":{"line":3,"column":null}},"3":{"start":{"line":11,"column":0},"end":{"line":11,"column":43}},"4":{"start":{"line":12,"column":0},"end":{"line":12,"column":28}},"5":{"start":{"line":13,"column":0},"end":{"line":13,"column":46}},"6":{"start":{"line":14,"column":0},"end":{"line":14,"column":35}},"7":{"start":{"line":17,"column":14},"end":{"line":64,"column":1}},"8":{"start":{"line":26,"column":25},"end":{"line":32,"column":3}},"9":{"start":{"line":33,"column":15},"end":{"line":33,"column":31}},"10":{"start":{"line":34,"column":25},"end":{"line":34,"column":41}},"11":{"start":{"line":35,"column":1},"end":{"line":42,"column":null}},"12":{"start":{"line":36,"column":2},"end":{"line":42,"column":null}},"13":{"start":{"line":43,"column":1},"end":{"line":63,"column":null}},"14":{"start":{"line":66,"column":0},"end":{"line":66,"column":null}}},"fnMap":{"0":{"name":"(anonymous_1)","decl":{"start":{"line":17,"column":14},"end":{"line":17,"column":15}},"loc":{"start":{"line":25,"column":17},"end":{"line":64,"column":1}}}},"branchMap":{"0":{"loc":{"start":{"line":19,"column":1},"end":{"line":19,"column":18}},"type":"default-arg","locations":[{"start":{"line":19,"column":17},"end":{"line":19,"column":18}}]},"1":{"loc":{"start":{"line":20,"column":1},"end":{"line":20,"column":35}},"type":"default-arg","locations":[{"start":{"line":20,"column":14},"end":{"line":20,"column":35}}]},"2":{"loc":{"start":{"line":21,"column":1},"end":{"line":21,"column":10}},"type":"default-arg","locations":[{"start":{"line":21,"column":8},"end":{"line":21,"column":10}}]},"3":{"loc":{"start":{"line":22,"column":1},"end":{"line":22,"column":15}},"type":"default-arg","locations":[{"start":{"line":22,"column":10},"end":{"line":22,"column":15}}]},"4":{"loc":{"start":{"line":35,"column":1},"end":{"line":42,"column":null}},"type":"if","locations":[{"start":{"line":35,"column":1},"end":{"line":42,"column":null}}]},"5":{"loc":{"start":{"line":35,"column":5},"end":{"line":35,"column":32}},"type":"binary-expr","locations":[{"start":{"line":35,"column":5},"end":{"line":35,"column":19}},{"start":{"line":35,"column":23},"end":{"line":35,"column":32}}]},"6":{"loc":{"start":{"line":49,"column":16},"end":{"line":49,"column":42}},"type":"cond-expr","locations":[{"start":{"line":49,"column":25},"end":{"line":49,"column":33}},{"start":{"line":49,"column":36},"end":{"line":49,"column":42}}]},"7":{"loc":{"start":{"line":50,"column":12},"end":{"line":54,"column":20}},"type":"cond-expr","locations":[{"start":{"line":51,"column":8},"end":{"line":51,"column":26}},{"start":{"line":52,"column":8},"end":{"line":54,"column":20}}]},"8":{"loc":{"start":{"line":52,"column":8},"end":{"line":54,"column":20}},"type":"cond-expr","locations":[{"start":{"line":53,"column":8},"end":{"line":53,"column":18}},{"start":{"line":54,"column":8},"end":{"line":54,"column":20}}]},"9":{"loc":{"start":{"line":61,"column":4},"end":{"line":61,"column":55}},"type":"cond-expr","locations":[{"start":{"line":61,"column":22},"end":{"line":61,"column":44}},{"start":{"line":61,"column":47},"end":{"line":61,"column":55}}]}},"s":{"0":1,"1":1,"2":1,"3":1,"4":1,"5":1,"6":1,"7":1,"8":10,"9":10,"10":10,"11":10,"12":5,"13":5,"14":1},"f":{"0":10},"b":{"0":[10],"1":[0],"2":[0],"3":[10],"4":[5],"5":[10,5],"6":[0,5],"7":[5,0],"8":[0,0],"9":[0,5]}}
,"D:\\MusinexFull\\Frontend\\app\\utils\\color.ts": {"path":"D:\\MusinexFull\\Frontend\\app\\utils\\color.ts","statementMap":{"0":{"start":{"line":1,"column":0},"end":{"line":1,"column":45}},"1":{"start":{"line":3,"column":13},"end":{"line":3,"column":null}}},"fnMap":{},"branchMap":{},"s":{"0":1,"1":1},"f":{},"b":{}}
}
