TN:
SF:tailwind.config.js
FNF:0
FNH:0
DA:2,1
DA:4,1
LF:2
LH:2
BRF:0
BRH:0
end_of_record
TN:
SF:app\animation\global.ts
FNF:0
FNH:0
DA:1,1
DA:2,1
DA:3,1
DA:5,1
DA:6,1
DA:8,1
DA:9,1
LF:7
LH:7
BRF:0
BRH:0
end_of_record
TN:
SF:app\animation\press.animation.ts
FN:6,(anonymous_0)
FN:10,(anonymous_1)
FN:14,(anonymous_2)
FN:17,(anonymous_3)
FN:25,(anonymous_4)
FNF:5
FNH:3
FNDA:6,(anonymous_0)
FNDA:6,(anonymous_1)
FNDA:0,(anonymous_2)
FNDA:0,(anonymous_3)
FNDA:6,(anonymous_4)
DA:2,1
DA:3,1
DA:5,1
DA:6,1
DA:9,6
DA:10,6
DA:14,6
DA:15,0
DA:17,6
DA:18,0
DA:20,6
DA:24,6
DA:25,6
LF:13
LH:11
BRDA:6,0,0,6
BRDA:6,1,0,6
BRF:2
BRH:2
end_of_record
TN:
SF:app\ui\button\button.settings.ts
FNF:0
FNH:0
DA:1,1
DA:3,1
DA:9,1
DA:15,1
DA:21,1
DA:26,1
DA:31,1
LF:7
LH:7
BRF:0
BRH:0
end_of_record
TN:
SF:app\ui\button\button.tsx
FN:17,(anonymous_1)
FNF:1
FNH:1
FNDA:5,(anonymous_1)
DA:1,1
DA:2,1
DA:3,1
DA:11,1
DA:12,1
DA:14,1
DA:15,1
DA:16,1
DA:17,1
DA:27,5
DA:28,5
DA:29,5
DA:73,1
LF:13
LH:13
BRDA:18,0,0,0
BRDA:19,1,0,0
BRDA:20,2,0,5
BRDA:21,3,0,5
BRDA:22,4,0,5
BRDA:23,5,0,5
BRDA:31,6,0,0
BRDA:31,6,1,5
BRDA:34,7,0,0
BRDA:34,7,1,5
BRDA:39,8,0,1
BRDA:39,8,1,4
BRDA:40,9,0,0
BRDA:40,9,1,5
BRDA:50,10,0,0
BRDA:50,10,1,5
BRDA:53,11,0,0
BRDA:53,11,1,5
BRDA:54,12,0,0
BRDA:54,12,1,5
BRDA:59,13,0,5
BRDA:59,13,1,1
BRDA:62,14,0,1
BRDA:62,14,1,0
BRF:24
BRH:15
end_of_record
TN:
SF:app\ui\icon\default-icon\icon.tsx
FN:9,(anonymous_0)
FNF:1
FNH:1
FNDA:1,(anonymous_0)
DA:1,1
DA:2,1
DA:4,1
DA:5,1
DA:6,1
DA:7,1
DA:9,1
DA:19,1
DA:20,1
DA:21,1
DA:54,1
LF:11
LH:11
BRDA:12,0,0,0
BRDA:13,1,0,1
BRDA:14,2,0,1
BRDA:15,3,0,1
BRDA:16,4,0,1
BRDA:27,5,0,0
BRDA:27,5,1,1
BRDA:29,6,0,1
BRDA:29,6,1,0
BRDA:42,7,0,1
BRDA:42,7,1,0
BRDA:44,8,0,0
BRDA:44,8,1,0
BRF:13
BRH:7
end_of_record
TN:
SF:app\ui\skeleton\skeleton.tsx
FN:7,(anonymous_0)
FNF:1
FNH:1
FNDA:5,(anonymous_0)
DA:2,1
DA:3,1
DA:5,1
DA:7,1
DA:14,5
DA:15,5
DA:34,1
LF:7
LH:7
BRDA:12,0,0,5
BRDA:22,1,0,0
BRDA:22,1,1,5
BRDA:24,2,0,5
BRDA:24,2,1,0
BRF:5
BRH:3
end_of_record
TN:
SF:app\ui\title\title.tsx
FN:17,(anonymous_1)
FNF:1
FNH:1
FNDA:10,(anonymous_1)
DA:1,1
DA:2,1
DA:3,1
DA:11,1
DA:12,1
DA:13,1
DA:14,1
DA:17,1
DA:26,10
DA:33,10
DA:34,10
DA:35,10
DA:36,5
DA:43,5
DA:66,1
LF:15
LH:15
BRDA:19,0,0,10
BRDA:20,1,0,0
BRDA:21,2,0,0
BRDA:22,3,0,10
BRDA:35,4,0,5
BRDA:35,5,0,10
BRDA:35,5,1,5
BRDA:49,6,0,0
BRDA:49,6,1,5
BRDA:50,7,0,5
BRDA:50,7,1,0
BRDA:52,8,0,0
BRDA:52,8,1,0
BRDA:61,9,0,0
BRDA:61,9,1,5
BRF:15
BRH:8
end_of_record
TN:
SF:app\utils\color.ts
FNF:0
FNH:0
DA:1,1
DA:3,1
LF:2
LH:2
BRF:0
BRH:0
end_of_record
